<?xml version="1.0" encoding="UTF-8" ?>
<testsuite errors="0" failures="0" hostname="DESKTOP-VEGKTUD" name="ua.nure.kn155.cherepukhin.logic.bean.UserTest" skipped="0" tests="6" time="0.023" timestamp="2017-10-11T15:22:40">
  <properties>
[...]
</properties>
  <testcase classname="ua.nure.kn155.cherepukhin.logic.bean.UserTest" name="getAgeShouldThrowExceptionOnNullBirthDate" time="0.007" />
  <testcase classname="ua.nure.kn155.cherepukhin.logic.bean.UserTest" name="getAgeShouldThrowExceptionOnBirthDateIsFuture" time="0.0" />
  <testcase classname="ua.nure.kn155.cherepukhin.logic.bean.UserTest" name="getFullNameShouldReturnFullName" time="0.0" />
  <testcase classname="ua.nure.kn155.cherepukhin.logic.bean.UserTest" name="getFullNameShouldThrowExceptionOnLastNameAbsent" time="0.0" />
  <testcase classname="ua.nure.kn155.cherepukhin.logic.bean.UserTest" name="getAgeShouldReturnValidAge" time="0.0" />
  <testcase classname="ua.nure.kn155.cherepukhin.logic.bean.UserTest" name="getFullNameShouldThrowExceptionOnFirstNameAbsent" time="0.0" />
  <system-out><![CDATA[]]></system-out>
  <system-err><![CDATA[]]></system-err>
</testsuite>
